{
  "stats": {
    "suites": 1,
    "tests": 2,
    "passes": 2,
    "pending": 0,
    "failures": 0,
    "start": "2023-05-29T11:48:27.281Z",
    "end": "2023-05-29T11:48:33.815Z",
    "duration": 6534,
    "testsRegistered": 2,
    "passPercent": 100,
    "pendingPercent": 0,
    "other": 0,
    "hasOther": false,
    "skipped": 0,
    "hasSkipped": false
  },
  "results": [
    {
      "uuid": "c465f07e-b03d-408c-8c5c-b3cefd021d59",
      "title": "",
      "fullFile": "cypress\\e2e\\firstTest.spec.js",
      "file": "cypress\\e2e\\firstTest.spec.js",
      "beforeHooks": [],
      "afterHooks": [],
      "tests": [],
      "suites": [
        {
          "uuid": "96f339da-c115-40f9-aa2b-a92c82801833",
          "title": "Test with backend",
          "fullFile": "",
          "file": "",
          "beforeHooks": [],
          "afterHooks": [],
          "tests": [
            {
              "title": "delete a new article in a globla feed",
              "fullTitle": "Test with backend delete a new article in a globla feed",
              "timedOut": null,
              "duration": 5528,
              "state": "passed",
              "speed": "medium",
              "pass": true,
              "fail": false,
              "pending": false,
              "context": null,
              "code": "/*artık burda credential kullanmamıza gerek kalmadı cunku alias token i kullanıyoruz commands.js de\nconst userCredential = {\n    \"user\": {\n        \"email\": \"pacacierdogan1@gmail.com\",\n        \"password\": \"123\"\n    }\n}\n*/\nconst bodyRequest = {\n  \"article\": {\n    \"title\": \"Request from API29\",\n    \"description\": \"API test is very easy\",\n    \"body\": \"Article body\",\n    \"tagList\": [\"sgas\", \"sgasgf\", \"sdgd\"]\n  }\n};\n//cy.request('POST', 'https://api.realworld.io/api/users/login', userCredential)\n//.its('body').then(body => {\n// const token =body.user.token\n//commands.js de belirttiğimiz alias tokenı kullandık\ncy.get('@token').then(token => {\n  cy.request({\n    url: Cypress.env('apiUrl') + '/api/articles/',\n    //hangi env ile calısmak istersek bu sekilde belirtiyoruz.\n    headers: {\n      'Authorization': 'Token ' + token\n    },\n    method: 'POST',\n    body: bodyRequest\n  }).then(response => {\n    expect(response.status).to.equal(200);\n  });\n  cy.contains('Global Feed').click({\n    force: true\n  });\n  cy.get('.preview-link').first().click({\n    force: true\n  });\n  cy.get('.article-actions').contains(' Delete Article ').click({\n    force: true\n  });\n  cy.request({\n    url: Cypress.env('apiUrl') + '/api/articles?limit=10&offset=0',\n    headers: {\n      'Authorization': 'Token ' + token\n    },\n    method: 'GET'\n  }).its('body').then(body => {\n    expect(body.articles[0].title).not.to.equal('Request from API29');\n  });\n});",
              "err": {},
              "uuid": "ab4edf22-993b-4ad4-82e0-043712875bb6",
              "parentUUID": "96f339da-c115-40f9-aa2b-a92c82801833",
              "isHook": false,
              "skipped": false
            },
            {
              "title": "verfiy use can log out succedfully",
              "fullTitle": "Test with backend verfiy use can log out succedfully",
              "timedOut": null,
              "duration": 968,
              "state": "passed",
              "speed": "fast",
              "pass": true,
              "fail": false,
              "pending": false,
              "context": null,
              "code": "cy.contains('Settings').click({\n  force: true\n});\ncy.contains('Or click here to logout').click();\ncy.get('.navbar-nav').should('contain', 'Sign up');",
              "err": {},
              "uuid": "4a44f19e-76d5-41c0-9c9e-f6ee0132ef6c",
              "parentUUID": "96f339da-c115-40f9-aa2b-a92c82801833",
              "isHook": false,
              "skipped": false
            }
          ],
          "suites": [],
          "passes": [
            "ab4edf22-993b-4ad4-82e0-043712875bb6",
            "4a44f19e-76d5-41c0-9c9e-f6ee0132ef6c"
          ],
          "failures": [],
          "pending": [],
          "skipped": [],
          "duration": 6496,
          "root": false,
          "rootEmpty": false,
          "_timeout": 2000
        }
      ],
      "passes": [],
      "failures": [],
      "pending": [],
      "skipped": [],
      "duration": 0,
      "root": true,
      "rootEmpty": true,
      "_timeout": 2000
    }
  ],
  "meta": {
    "mocha": {
      "version": "7.0.1"
    },
    "mochawesome": {
      "options": {
        "quiet": false,
        "reportFilename": "mochawesome",
        "saveHtml": false,
        "saveJson": true,
        "consoleReporter": "spec",
        "useInlineDiffs": false,
        "code": true
      },
      "version": "7.1.3"
    },
    "marge": {
      "options": {
        "id": "default",
        "reportDir": "cypress/results/mochawesome",
        "overwrite": false,
        "html": false,
        "json": true
      },
      "version": "6.2.0"
    }
  }
}